[INFO] Scanning for projects...
[INFO] 
[INFO] ------------< org.springframework.samples:spring-petclinic >------------
[INFO] Building petclinic 3.5.0-SNAPSHOT
[INFO]   from pom.xml
[INFO] --------------------------------[ jar ]---------------------------------
[INFO] 
[INFO] --- enforcer:3.5.0:enforce (enforce-java) @ spring-petclinic ---
[INFO] Rule 0: org.apache.maven.enforcer.rules.version.RequireJavaVersion passed
[INFO] 
[INFO] --- spring-javaformat:0.0.46:validate (default) @ spring-petclinic ---
[INFO] 
[INFO] --- checkstyle:3.6.0:check (nohttp-checkstyle-validation) @ spring-petclinic ---
[INFO] ------------------------------------------------------------------------
[INFO] BUILD FAILURE
[INFO] ------------------------------------------------------------------------
[INFO] Total time:  17.014 s
[INFO] Finished at: 2026-07-01T02:12:00+03:00
[INFO] ------------------------------------------------------------------------
---------------------------------------------------
constituent[0]: file:/home/themoosalah/.m2/wrapper/dists/apache-maven-3.9.10/e5402a93/conf/logging/
constituent[1]: file:/home/themoosalah/.m2/wrapper/dists/apache-maven-3.9.10/e5402a93/lib/maven-embedder-3.9.10.jar
constituent[2]: file:/home/themoosalah/.m2/wrapper/dists/apache-maven-3.9.10/e5402a93/lib/guava-33.4.8-jre.jar
constituent[3]: file:/home/themoosalah/.m2/wrapper/dists/apache-maven-3.9.10/e5402a93/lib/maven-resolver-impl-1.9.23.jar
constituent[4]: file:/home/themoosalah/.m2/wrapper/dists/apache-maven-3.9.10/e5402a93/lib/httpclient-4.5.14.jar
constituent[5]: file:/home/themoosalah/.m2/wrapper/dists/apache-maven-3.9.10/e5402a93/lib/maven-resolver-named-locks-1.9.23.jar
constituent[6]: file:/home/themoosalah/.m2/wrapper/dists/apache-maven-3.9.10/e5402a93/lib/commons-codec-1.18.0.jar
constituent[7]: file:/home/themoosalah/.m2/wrapper/dists/apache-maven-3.9.10/e5402a93/lib/maven-settings-builder-3.9.10.jar
constituent[8]: file:/home/themoosalah/.m2/wrapper/dists/apache-maven-3.9.10/e5402a93/lib/wagon-http-3.5.3.jar
constituent[9]: file:/home/themoosalah/.m2/wrapper/dists/apache-maven-3.9.10/e5402a93/lib/maven-artifact-3.9.10.jar
constituent[10]: file:/home/themoosalah/.m2/wrapper/dists/apache-maven-3.9.10/e5402a93/lib/jspecify-1.0.0.jar
constituent[11]: file:/home/themoosalah/.m2/wrapper/dists/apache-maven-3.9.10/e5402a93/lib/wagon-provider-api-3.5.3.jar
constituent[12]: file:/home/themoosalah/.m2/wrapper/dists/apache-maven-3.9.10/e5402a93/lib/plexus-cipher-2.0.jar
constituent[13]: file:/home/themoosalah/.m2/wrapper/dists/apache-maven-3.9.10/e5402a93/lib/wagon-http-shared-3.5.3.jar
constituent[14]: file:/home/themoosalah/.m2/wrapper/dists/apache-maven-3.9.10/e5402a93/lib/maven-model-builder-3.9.10.jar
constituent[15]: file:/home/themoosalah/.m2/wrapper/dists/apache-maven-3.9.10/e5402a93/lib/maven-repository-metadata-3.9.10.jar
constituent[16]: file:/home/themoosalah/.m2/wrapper/dists/apache-maven-3.9.10/e5402a93/lib/javax.annotation-api-1.3.2.jar
constituent[17]: file:/home/themoosalah/.m2/wrapper/dists/apache-maven-3.9.10/e5402a93/lib/asm-9.8.jar
constituent[18]: file:/home/themoosalah/.m2/wrapper/dists/apache-maven-3.9.10/e5402a93/lib/plexus-interpolation-1.28.jar
constituent[19]: file:/home/themoosalah/.m2/wrapper/dists/apache-maven-3.9.10/e5402a93/lib/maven-model-3.9.10.jar
constituent[20]: file:/home/themoosalah/.m2/wrapper/dists/apache-maven-3.9.10/e5402a93/lib/plexus-sec-dispatcher-2.0.jar
constituent[21]: file:/home/themoosalah/.m2/wrapper/dists/apache-maven-3.9.10/e5402a93/lib/jcl-over-slf4j-1.7.36.jar
constituent[22]: file:/home/themoosalah/.m2/wrapper/dists/apache-maven-3.9.10/e5402a93/lib/maven-plugin-api-3.9.10.jar
constituent[23]: file:/home/themoosalah/.m2/wrapper/dists/apache-maven-3.9.10/e5402a93/lib/maven-shared-utils-3.4.2.jar
constituent[24]: file:/home/themoosalah/.m2/wrapper/dists/apache-maven-3.9.10/e5402a93/lib/failureaccess-1.0.3.jar
constituent[25]: file:/home/themoosalah/.m2/wrapper/dists/apache-maven-3.9.10/e5402a93/lib/maven-settings-3.9.10.jar
constituent[26]: file:/home/themoosalah/.m2/wrapper/dists/apache-maven-3.9.10/e5402a93/lib/slf4j-api-1.7.36.jar
constituent[27]: file:/home/themoosalah/.m2/wrapper/dists/apache-maven-3.9.10/e5402a93/lib/wagon-file-3.5.3.jar
constituent[28]: file:/home/themoosalah/.m2/wrapper/dists/apache-maven-3.9.10/e5402a93/lib/maven-resolver-transport-wagon-1.9.23.jar
constituent[29]: file:/home/themoosalah/.m2/wrapper/dists/apache-maven-3.9.10/e5402a93/lib/maven-core-3.9.10.jar
constituent[30]: file:/home/themoosalah/.m2/wrapper/dists/apache-maven-3.9.10/e5402a93/lib/guice-5.1.0-classes.jar
constituent[31]: file:/home/themoosalah/.m2/wrapper/dists/apache-maven-3.9.10/e5402a93/lib/httpcore-4.4.16.jar
constituent[32]: file:/home/themoosalah/.m2/wrapper/dists/apache-maven-3.9.10/e5402a93/lib/maven-resolver-api-1.9.23.jar
constituent[33]: file:/home/themoosalah/.m2/wrapper/dists/apache-maven-3.9.10/e5402a93/lib/org.eclipse.sisu.inject-0.9.0.M4.jar
constituent[34]: file:/home/themoosalah/.m2/wrapper/dists/apache-maven-3.9.10/e5402a93/lib/maven-resolver-provider-3.9.10.jar
constituent[35]: file:/home/themoosalah/.m2/wrapper/dists/apache-maven-3.9.10/e5402a93/lib/maven-resolver-util-1.9.23.jar
constituent[36]: file:/home/themoosalah/.m2/wrapper/dists/apache-maven-3.9.10/e5402a93/lib/plexus-utils-3.6.0.jar
constituent[37]: file:/home/themoosalah/.m2/wrapper/dists/apache-maven-3.9.10/e5402a93/lib/maven-resolver-connector-basic-1.9.23.jar
constituent[38]: file:/home/themoosalah/.m2/wrapper/dists/apache-maven-3.9.10/e5402a93/lib/maven-resolver-transport-file-1.9.23.jar
constituent[39]: file:/home/themoosalah/.m2/wrapper/dists/apache-maven-3.9.10/e5402a93/lib/javax.inject-1.jar
constituent[40]: file:/home/themoosalah/.m2/wrapper/dists/apache-maven-3.9.10/e5402a93/lib/plexus-component-annotations-2.2.0.jar
constituent[41]: file:/home/themoosalah/.m2/wrapper/dists/apache-maven-3.9.10/e5402a93/lib/maven-resolver-transport-http-1.9.23.jar
constituent[42]: file:/home/themoosalah/.m2/wrapper/dists/apache-maven-3.9.10/e5402a93/lib/maven-builder-support-3.9.10.jar
constituent[43]: file:/home/themoosalah/.m2/wrapper/dists/apache-maven-3.9.10/e5402a93/lib/maven-slf4j-provider-3.9.10.jar
constituent[44]: file:/home/themoosalah/.m2/wrapper/dists/apache-maven-3.9.10/e5402a93/lib/maven-resolver-spi-1.9.23.jar
constituent[45]: file:/home/themoosalah/.m2/wrapper/dists/apache-maven-3.9.10/e5402a93/lib/org.eclipse.sisu.plexus-0.9.0.M4.jar
constituent[46]: file:/home/themoosalah/.m2/wrapper/dists/apache-maven-3.9.10/e5402a93/lib/aopalliance-1.0.jar
constituent[47]: file:/home/themoosalah/.m2/wrapper/dists/apache-maven-3.9.10/e5402a93/lib/commons-cli-1.9.0.jar
constituent[48]: file:/home/themoosalah/.m2/wrapper/dists/apache-maven-3.9.10/e5402a93/lib/maven-compat-3.9.10.jar
constituent[49]: file:/home/themoosalah/.m2/wrapper/dists/apache-maven-3.9.10/e5402a93/lib/jansi-2.4.2.jar
---------------------------------------------------


--- STDERR ---
Exception in thread "main" java.lang.Error: Error was thrown while processing /home/themoosalah/Devops projects/spring-petclinic-Ci-CD/terraform/secrets-manager/.terraform/providers/registry.terraform.io/hashicorp/aws/6.52.0/linux_amd64/terraform-provider-aws_v6.52.0_x5
	at com.puppycrawl.tools.checkstyle.Checker.processFiles(Checker.java:320)
	at com.puppycrawl.tools.checkstyle.Checker.process(Checker.java:226)
	at org.apache.maven.plugins.checkstyle.exec.DefaultCheckstyleExecutor.executeCheckstyle(DefaultCheckstyleExecutor.java:182)
	at org.apache.maven.plugins.checkstyle.CheckstyleViolationCheckMojo.execute(CheckstyleViolationCheckMojo.java:557)
	at org.apache.maven.plugin.DefaultBuildPluginManager.executeMojo(DefaultBuildPluginManager.java:126)
	at org.apache.maven.lifecycle.internal.MojoExecutor.doExecute2(MojoExecutor.java:328)
	at org.apache.maven.lifecycle.internal.MojoExecutor.doExecute(MojoExecutor.java:316)
	at org.apache.maven.lifecycle.internal.MojoExecutor.execute(MojoExecutor.java:212)
	at org.apache.maven.lifecycle.internal.MojoExecutor.execute(MojoExecutor.java:174)
	at org.apache.maven.lifecycle.internal.MojoExecutor.access$000(MojoExecutor.java:75)
	at org.apache.maven.lifecycle.internal.MojoExecutor$1.run(MojoExecutor.java:162)
	at org.apache.maven.plugin.DefaultMojosExecutionStrategy.execute(DefaultMojosExecutionStrategy.java:39)
	at org.apache.maven.lifecycle.internal.MojoExecutor.execute(MojoExecutor.java:159)
	at org.apache.maven.lifecycle.internal.LifecycleModuleBuilder.buildProject(LifecycleModuleBuilder.java:105)
	at org.apache.maven.lifecycle.internal.LifecycleModuleBuilder.buildProject(LifecycleModuleBuilder.java:73)
	at org.apache.maven.lifecycle.internal.builder.singlethreaded.SingleThreadedBuilder.build(SingleThreadedBuilder.java:53)
	at org.apache.maven.lifecycle.internal.LifecycleStarter.execute(LifecycleStarter.java:118)
	at org.apache.maven.DefaultMaven.doExecute(DefaultMaven.java:261)
	at org.apache.maven.DefaultMaven.doExecute(DefaultMaven.java:173)
	at org.apache.maven.DefaultMaven.execute(DefaultMaven.java:101)
	at org.apache.maven.cli.MavenCli.execute(MavenCli.java:906)
	at org.apache.maven.cli.MavenCli.doMain(MavenCli.java:283)
	at org.apache.maven.cli.MavenCli.main(MavenCli.java:206)
	at java.base/jdk.internal.reflect.NativeMethodAccessorImpl.invoke0(Native Method)
	at java.base/jdk.internal.reflect.NativeMethodAccessorImpl.invoke(NativeMethodAccessorImpl.java:77)
	at java.base/jdk.internal.reflect.DelegatingMethodAccessorImpl.invoke(DelegatingMethodAccessorImpl.java:43)
	at java.base/java.lang.reflect.Method.invoke(Method.java:569)
	at org.codehaus.plexus.classworlds.launcher.Launcher.launchEnhanced(Launcher.java:255)
	at org.codehaus.plexus.classworlds.launcher.Launcher.launch(Launcher.java:201)
	at org.codehaus.plexus.classworlds.launcher.Launcher.mainWithExitCode(Launcher.java:361)
	at org.codehaus.plexus.classworlds.launcher.Launcher.main(Launcher.java:314)
Caused by: java.lang.OutOfMemoryError: Java heap space
	at java.base/java.util.Arrays.copyOf(Arrays.java:3537)
	at java.base/java.lang.AbstractStringBuilder.ensureCapacityInternal(AbstractStringBuilder.java:228)
	at java.base/java.lang.AbstractStringBuilder.append(AbstractStringBuilder.java:740)
	at java.base/java.lang.StringBuilder.append(StringBuilder.java:233)
	at com.puppycrawl.tools.checkstyle.api.FileText.readFile(FileText.java:208)
	at com.puppycrawl.tools.checkstyle.api.FileText.<init>(FileText.java:167)
	at com.puppycrawl.tools.checkstyle.Checker.processFile(Checker.java:338)
	at com.puppycrawl.tools.checkstyle.Checker.processFiles(Checker.java:299)
	at com.puppycrawl.tools.checkstyle.Checker.process(Checker.java:226)
	at org.apache.maven.plugins.checkstyle.exec.DefaultCheckstyleExecutor.executeCheckstyle(DefaultCheckstyleExecutor.java:182)
	at org.apache.maven.plugins.checkstyle.CheckstyleViolationCheckMojo.execute(CheckstyleViolationCheckMojo.java:557)
	at org.apache.maven.plugin.DefaultBuildPluginManager.executeMojo(DefaultBuildPluginManager.java:126)
	at org.apache.maven.lifecycle.internal.MojoExecutor.doExecute2(MojoExecutor.java:328)
	at org.apache.maven.lifecycle.internal.MojoExecutor.doExecute(MojoExecutor.java:316)
	at org.apache.maven.lifecycle.internal.MojoExecutor.execute(MojoExecutor.java:212)
	at org.apache.maven.lifecycle.internal.MojoExecutor.execute(MojoExecutor.java:174)
	at org.apache.maven.lifecycle.internal.MojoExecutor.access$000(MojoExecutor.java:75)
	at org.apache.maven.lifecycle.internal.MojoExecutor$1.run(MojoExecutor.java:162)
	at org.apache.maven.plugin.DefaultMojosExecutionStrategy.execute(DefaultMojosExecutionStrategy.java:39)
	at org.apache.maven.lifecycle.internal.MojoExecutor.execute(MojoExecutor.java:159)
	at org.apache.maven.lifecycle.internal.LifecycleModuleBuilder.buildProject(LifecycleModuleBuilder.java:105)
	at org.apache.maven.lifecycle.internal.LifecycleModuleBuilder.buildProject(LifecycleModuleBuilder.java:73)
	at org.apache.maven.lifecycle.internal.builder.singlethreaded.SingleThreadedBuilder.build(SingleThreadedBuilder.java:53)
	at org.apache.maven.lifecycle.internal.LifecycleStarter.execute(LifecycleStarter.java:118)
	at org.apache.maven.DefaultMaven.doExecute(DefaultMaven.java:261)
	at org.apache.maven.DefaultMaven.doExecute(DefaultMaven.java:173)
	at org.apache.maven.DefaultMaven.execute(DefaultMaven.java:101)
	at org.apache.maven.cli.MavenCli.execute(MavenCli.java:906)
	at org.apache.maven.cli.MavenCli.doMain(MavenCli.java:283)
	at org.apache.maven.cli.MavenCli.main(MavenCli.java:206)
	at java.base/jdk.internal.reflect.NativeMethodAccessorImpl.invoke0(Native Method)
	at java.base/jdk.internal.reflect.NativeMethodAccessorImpl.invoke(NativeMethodAccessorImpl.java:77)
